<?xml version="1.0" encoding="UTF-8"?>
<!-- Generated by org.testng.reporters.JUnitReportReporter -->
<testsuite hostname="DESKTOP-78KRMR4" failures="0" tests="5" name="firstProject.AddSpesificNumber" time="2.710" errors="0" timestamp="2024-03-18T01:39:36 EET" skipped="3">
  <testcase classname="firstProject.AddSpesificNumber" name="LoginTest" time="2.069"/>
  <system-out/>
  <testcase classname="firstProject.AddSpesificNumber" name="AddAllItemsExceptForOne" time="0.641"/>
  <system-out/>
  <testcase classname="firstProject.AddSpesificNumber" name="AddTwoItemsBasedOnTheNameOfTheItem">
    <skipped/>
  </testcase> <!-- AddTwoItemsBasedOnTheNameOfTheItem -->
  <system-out/>
  <testcase classname="firstProject.AddSpesificNumber" name="AddSpecificItemBasedOnTheIndex">
    <skipped/>
  </testcase> <!-- AddSpecificItemBasedOnTheIndex -->
  <system-out/>
  <testcase classname="firstProject.AddSpesificNumber" name="AddSpecificItemBasedOnTheNameOfTheItem">
    <skipped/>
  </testcase> <!-- AddSpecificItemBasedOnTheNameOfTheItem -->
  <system-out/>
</testsuite> <!-- firstProject.AddSpesificNumber -->
