<?xml version="1.0" encoding="UTF-8"?>
<!-- Generated by org.testng.reporters.JUnitReportReporter -->
<testsuite hostname="DESKTOP-78KRMR4" failures="0" tests="2" name="firstProject.AddEvenNumber" time="2.035" errors="0" timestamp="2024-03-18T00:36:05 EET" skipped="0">
  <testcase classname="firstProject.AddEvenNumber" name="LoginTest" time="1.782"/>
  <system-out/>
  <testcase classname="firstProject.AddEvenNumber" name="AddEvenNumberItem" time="0.253"/>
  <system-out/>
</testsuite> <!-- firstProject.AddEvenNumber -->
